[INFO] Scanning for projects...
[INFO] 
[INFO] ------------------< com.resolveit:resolveit-backend >-------------------
[INFO] Building resolveit-backend 1.0.0
[INFO]   from pom.xml
[INFO] --------------------------------[ jar ]---------------------------------
[INFO] 
[INFO] >>> spring-boot:3.2.3:run (default-cli) > test-compile @ resolveit-backend >>>
[INFO] 
[INFO] --- resources:3.3.1:resources (default-resources) @ resolveit-backend ---
[INFO] Copying 1 resource from src\main\resources to target\classes
[INFO] Copying 0 resource from src\main\resources to target\classes
[INFO] 
[INFO] --- compiler:3.11.0:compile (default-compile) @ resolveit-backend ---
[INFO] Nothing to compile - all classes are up to date
[INFO] 
[INFO] --- resources:3.3.1:testResources (default-testResources) @ resolveit-backend ---
[INFO] skip non existing resourceDirectory C:\Users\HP\Downloads\resolveit-complete\resolveit-backend\src\test\resources
[INFO] 
[INFO] --- compiler:3.11.0:testCompile (default-testCompile) @ resolveit-backend ---
[INFO] No sources to compile
[INFO] 
[INFO] <<< spring-boot:3.2.3:run (default-cli) < test-compile @ resolveit-backend <<<
[INFO] 
[INFO] 
[INFO] --- spring-boot:3.2.3:run (default-cli) @ resolveit-backend ---
[INFO] Attaching agents: []

  .   ____          _            __ _ _
 /\\ / ___'_ __ _ _(_)_ __  __ _ \ \ \ \
( ( )\___ | '_ | '_| | '_ \/ _` | \ \ \ \
 \\/  ___)| |_)| | | | | || (_| |  ) ) ) )
  '  |____| .__|_| |_|_| |_\__, | / / / /
 =========|_|==============|___/=/_/_/_/
 :: Spring Boot ::                (v3.2.3)

2026-03-17T11:34:00.469+05:30  INFO 18152 --- [           main] com.resolveit.ResolveItApplication       : Starting ResolveItApplication using Java 17.0.12 with PID 18152 (C:\Users\HP\Downloads\resolveit-complete\resolveit-backend\target\classes started by HP in C:\Users\HP\Downloads\resolveit-complete\resolveit-backend)
2026-03-17T11:34:00.472+05:30 DEBUG 18152 --- [           main] com.resolveit.ResolveItApplication       : Running with Spring Boot v3.2.3, Spring v6.1.4
2026-03-17T11:34:00.474+05:30  INFO 18152 --- [           main] com.resolveit.ResolveItApplication       : No active profile set, falling back to 1 default profile: "default"
2026-03-17T11:34:01.041+05:30  INFO 18152 --- [           main] .s.d.r.c.RepositoryConfigurationDelegate : Bootstrapping Spring Data MongoDB repositories in DEFAULT mode.
2026-03-17T11:34:01.098+05:30  INFO 18152 --- [           main] .s.d.r.c.RepositoryConfigurationDelegate : Finished Spring Data repository scanning in 53 ms. Found 4 MongoDB repository interfaces.
2026-03-17T11:34:01.560+05:30  INFO 18152 --- [           main] o.s.b.w.embedded.tomcat.TomcatWebServer  : Tomcat initialized with port 8080 (http)
2026-03-17T11:34:01.569+05:30  INFO 18152 --- [           main] o.apache.catalina.core.StandardService   : Starting service [Tomcat]
2026-03-17T11:34:01.569+05:30  INFO 18152 --- [           main] o.apache.catalina.core.StandardEngine    : Starting Servlet engine: [Apache Tomcat/10.1.19]
2026-03-17T11:34:01.620+05:30  INFO 18152 --- [           main] o.a.c.c.C.[Tomcat].[localhost].[/]       : Initializing Spring embedded WebApplicationContext
2026-03-17T11:34:01.620+05:30  INFO 18152 --- [           main] w.s.c.ServletWebServerApplicationContext : Root WebApplicationContext: initialization completed in 1107 ms
2026-03-17T11:34:01.737+05:30  INFO 18152 --- [           main] org.mongodb.driver.client                : MongoClient with metadata {"driver": {"name": "mongo-java-driver|sync|spring-boot", "version": "4.11.1"}, "os": {"type": "Windows", "name": "Windows 11", "architecture": "amd64", "version": "10.0"}, "platform": "Java/Oracle Corporation/17.0.12+8-LTS-286"} created with settings MongoClientSettings{readPreference=primary, writeConcern=WriteConcern{w=null, wTimeout=null ms, journal=null}, retryWrites=true, retryReads=true, readConcern=ReadConcern{level=null}, credential=null, transportSettings=null, streamFactoryFactory=null, commandListeners=[], codecRegistry=ProvidersCodecRegistry{codecProviders=[ValueCodecProvider{}, BsonValueCodecProvider{}, DBRefCodecProvider{}, DBObjectCodecProvider{}, DocumentCodecProvider{}, CollectionCodecProvider{}, IterableCodecProvider{}, MapCodecProvider{}, GeoJsonCodecProvider{}, GridFSFileCodecProvider{}, Jsr310CodecProvider{}, JsonObjectCodecProvider{}, BsonCodecProvider{}, EnumCodecProvider{}, com.mongodb.client.model.mql.ExpressionCodecProvider@4debbf0, com.mongodb.Jep395RecordCodecProvider@6a5e167a, com.mongodb.KotlinCodecProvider@60e06f7d]}, loggerSettings=LoggerSettings{maxDocumentLength=1000}, clusterSettings={hosts=[localhost:27017], srvServiceName=mongodb, mode=SINGLE, requiredClusterType=UNKNOWN, requiredReplicaSetName='null', serverSelector='null', clusterListeners='[]', serverSelectionTimeout='30000 ms', localThreshold='15 ms'}, socketSettings=SocketSettings{connectTimeoutMS=10000, readTimeoutMS=0, receiveBufferSize=0, proxySettings=ProxySettings{host=null, port=null, username=null, password=null}}, heartbeatSocketSettings=SocketSettings{connectTimeoutMS=10000, readTimeoutMS=10000, receiveBufferSize=0, proxySettings=ProxySettings{host=null, port=null, username=null, password=null}}, connectionPoolSettings=ConnectionPoolSettings{maxSize=100, minSize=0, maxWaitTimeMS=120000, maxConnectionLifeTimeMS=0, maxConnectionIdleTimeMS=0, maintenanceInitialDelayMS=0, maintenanceFrequencyMS=60000, connectionPoolListeners=[], maxConnecting=2}, serverSettings=ServerSettings{heartbeatFrequencyMS=10000, minHeartbeatFrequencyMS=500, serverListeners='[]', serverMonitorListeners='[]'}, sslSettings=SslSettings{enabled=false, invalidHostNameAllowed=false, context=null}, applicationName='null', compressorList=[], uuidRepresentation=JAVA_LEGACY, serverApi=null, autoEncryptionSettings=null, dnsClient=null, inetAddressResolver=null, contextProvider=null}
2026-03-17T11:34:01.760+05:30  INFO 18152 --- [localhost:27017] org.mongodb.driver.cluster               : Monitor thread successfully connected to server with description ServerDescription{address=localhost:27017, type=STANDALONE, state=CONNECTED, ok=true, minWireVersion=0, maxWireVersion=25, maxDocumentSize=16777216, logicalSessionTimeoutMinutes=30, roundTripTimeNanos=17159600}
2026-03-17T11:34:02.081+05:30 DEBUG 18152 --- [           main] com.resolveit.security.JwtAuthFilter     : Filter 'jwtAuthFilter' configured for use
2026-03-17T11:34:02.568+05:30  INFO 18152 --- [           main] o.s.s.web.DefaultSecurityFilterChain     : Will secure any request with [org.springframework.security.web.session.DisableEncodeUrlFilter@6e00837f, org.springframework.security.web.context.request.async.WebAsyncManagerIntegrationFilter@63e4484d, org.springframework.security.web.context.SecurityContextHolderFilter@3e74fd84, org.springframework.security.web.header.HeaderWriterFilter@288728e, org.springframework.web.filter.CorsFilter@6a5dd083, org.springframework.security.web.authentication.logout.LogoutFilter@4601047, com.resolveit.security.JwtAuthFilter@7db40fd5, org.springframework.security.web.savedrequest.RequestCacheAwareFilter@1e120628, org.springframework.security.web.servletapi.SecurityContextHolderAwareRequestFilter@4e4894d, org.springframework.security.web.authentication.AnonymousAuthenticationFilter@77663cd7, org.springframework.security.web.session.SessionManagementFilter@3d40498a, org.springframework.security.web.access.ExceptionTranslationFilter@52d7ab79, org.springframework.security.web.access.intercept.AuthorizationFilter@1753475d]
2026-03-17T11:34:02.776+05:30  WARN 18152 --- [           main] ConfigServletWebServerApplicationContext : Exception encountered during context initialization - cancelling refresh attempt: org.springframework.context.ApplicationContextException: Failed to start bean 'webServerStartStop'
2026-03-17T11:34:02.792+05:30  INFO 18152 --- [           main] .s.b.a.l.ConditionEvaluationReportLogger : 

Error starting ApplicationContext. To display the condition evaluation report re-run your application with 'debug' enabled.
2026-03-17T11:34:02.802+05:30 ERROR 18152 --- [           main] o.s.b.d.LoggingFailureAnalysisReporter   : 

***************************
APPLICATION FAILED TO START
***************************

Description:

Web server failed to start. Port 8080 was already in use.

Action:

Identify and stop the process that's listening on port 8080 or configure this application to listen on another port.

[INFO] ------------------------------------------------------------------------
[INFO] BUILD FAILURE
[INFO] ------------------------------------------------------------------------
[INFO] Total time:  6.062 s
[INFO] Finished at: 2026-03-17T11:34:02+05:30
[INFO] ------------------------------------------------------------------------
[ERROR] Failed to execute goal org.springframework.boot:spring-boot-maven-plugin:3.2.3:run (default-cli) on project resolveit-backend: Process terminated with exit code: 1 -> [Help 1]
[ERROR] 
[ERROR] To see the full stack trace of the errors, re-run Maven with the -e switch.
[ERROR] Re-run Maven using the -X switch to enable full debug logging.
[ERROR] 
[ERROR] For more information about the errors and possible solutions, please read the following articles:
[ERROR] [Help 1] http://cwiki.apache.org/confluence/display/MAVEN/MojoExecutionException
